# JRE version: OpenJDK Runtime Environment (11.0.11+9) (build 11.0.11+9-b60-7590822)
# Java VM: OpenJDK 64-Bit Server VM (11.0.11+9-b60-7590822, mixed mode, tiered, compressed oops, g1 gc, windows-amd64)
Heap:
 garbage-first heap   total 262144K, used 120737K [0x0000000080000000, 0x0000000100000000)
  region size 1024K, 32 young (32768K), 5 survivors (5120K)
 Metaspace       used 116614K, capacity 120721K, committed 120908K, reserved 1153024K
  class space    used 15499K, capacity 17120K, committed 17228K, reserved 1048576K
GC Heap History (20 events):
Event: 3.606 GC heap before
{Heap before GC invocations=6 (full 0):
 garbage-first heap   total 262144K, used 163197K [0x0000000080000000, 0x0000000100000000)
  region size 1024K, 140 young (143360K), 6 survivors (6144K)
 Metaspace       used 46316K, capacity 47363K, committed 47564K, reserved 1091584K
  class space    used 5963K, capacity 6340K, committed 6348K, reserved 1048576K
}
Event: 3.612 GC heap after
{Heap after GC invocations=7 (full 0):
 garbage-first heap   total 262144K, used 30204K [0x0000000080000000, 0x0000000100000000)
  region size 1024K, 13 young (13312K), 13 survivors (13312K)
 Metaspace       used 46316K, capacity 47363K, committed 47564K, reserved 1091584K
  class space    used 5963K, capacity 6340K, committed 6348K, reserved 1048576K
}
Event: 4.667 GC heap before
{Heap before GC invocations=7 (full 0):
 garbage-first heap   total 262144K, used 178684K [0x0000000080000000, 0x0000000100000000)
  region size 1024K, 153 young (156672K), 13 survivors (13312K)
 Metaspace       used 57116K, capacity 58503K, committed 58572K, reserved 1099776K
  class space    used 7286K, capacity 7817K, committed 7884K, reserved 1048576K
}
Event: 4.677 GC heap after
{Heap after GC invocations=8 (full 0):
 garbage-first heap   total 262144K, used 45708K [0x0000000080000000, 0x0000000100000000)
  region size 1024K, 18 young (18432K), 18 survivors (18432K)
 Metaspace       used 57116K, capacity 58503K, committed 58572K, reserved 1099776K
  class space    used 7286K, capacity 7817K, committed 7884K, reserved 1048576K
}
Event: 4.765 GC heap before
{Heap before GC invocations=8 (full 0):
 garbage-first heap   total 262144K, used 51852K [0x0000000080000000, 0x0000000100000000)
  region size 1024K, 25 young (25600K), 18 survivors (18432K)
 Metaspace       used 58578K, capacity 60042K, committed 60236K, reserved 1101824K
  class space    used 7474K, capacity 7990K, committed 8012K, reserved 1048576K
}
Event: 4.774 GC heap after
{Heap after GC invocations=9 (full 0):
 garbage-first heap   total 262144K, used 46471K [0x0000000080000000, 0x0000000100000000)
  region size 1024K, 12 young (12288K), 12 survivors (12288K)
 Metaspace       used 58578K, capacity 60042K, committed 60236K, reserved 1101824K
  class space    used 7474K, capacity 7990K, committed 8012K, reserved 1048576K
}
Event: 5.921 GC heap before
{Heap before GC invocations=10 (full 0):
 garbage-first heap   total 262144K, used 190855K [0x0000000080000000, 0x0000000100000000)
  region size 1024K, 153 young (156672K), 12 survivors (12288K)
 Metaspace       used 69701K, capacity 71353K, committed 71500K, reserved 1112064K
  class space    used 9068K, capacity 9694K, committed 9804K, reserved 1048576K
}
Event: 5.930 GC heap after
{Heap after GC invocations=11 (full 0):
 garbage-first heap   total 262144K, used 56875K [0x0000000080000000, 0x0000000100000000)
  region size 1024K, 12 young (12288K), 12 survivors (12288K)
 Metaspace       used 69701K, capacity 71353K, committed 71500K, reserved 1112064K
  class space    used 9068K, capacity 9694K, committed 9804K, reserved 1048576K
}
Event: 7.014 GC heap before
{Heap before GC invocations=11 (full 0):
 garbage-first heap   total 262144K, used 199211K [0x0000000080000000, 0x0000000100000000)
  region size 1024K, 152 young (155648K), 12 survivors (12288K)
 Metaspace       used 80454K, capacity 82750K, committed 83020K, reserved 1120256K
  class space    used 10660K, capacity 11547K, committed 11596K, reserved 1048576K
}
Event: 7.024 GC heap after
{Heap after GC invocations=12 (full 0):
 garbage-first heap   total 262144K, used 66598K [0x0000000080000000, 0x0000000100000000)
  region size 1024K, 10 young (10240K), 10 survivors (10240K)
 Metaspace       used 80454K, capacity 82750K, committed 83020K, reserved 1120256K
  class space    used 10660K, capacity 11547K, committed 11596K, reserved 1048576K
}
Event: 7.661 GC heap before
{Heap before GC invocations=12 (full 0):
 garbage-first heap   total 262144K, used 203814K [0x0000000080000000, 0x0000000100000000)
  region size 1024K, 145 young (148480K), 10 survivors (10240K)
 Metaspace       used 85040K, capacity 87431K, committed 87628K, reserved 1124352K
  class space    used 11115K, capacity 12020K, committed 12108K, reserved 1048576K
}
Event: 7.670 GC heap after
{Heap after GC invocations=13 (full 0):
 garbage-first heap   total 262144K, used 73493K [0x0000000080000000, 0x0000000100000000)
  region size 1024K, 17 young (17408K), 17 survivors (17408K)
 Metaspace       used 85040K, capacity 87431K, committed 87628K, reserved 1124352K
  class space    used 11115K, capacity 12020K, committed 12108K, reserved 1048576K
}
Event: 9.327 GC heap before
{Heap before GC invocations=13 (full 0):
 garbage-first heap   total 262144K, used 206613K [0x0000000080000000, 0x0000000100000000)
  region size 1024K, 148 young (151552K), 17 survivors (17408K)
 Metaspace       used 90245K, capacity 92734K, committed 92876K, reserved 1130496K
  class space    used 11724K, capacity 12639K, committed 12748K, reserved 1048576K
}
Event: 9.339 GC heap after
{Heap after GC invocations=14 (full 0):
 garbage-first heap   total 262144K, used 82152K [0x0000000080000000, 0x0000000100000000)
  region size 1024K, 17 young (17408K), 17 survivors (17408K)
 Metaspace       used 90245K, capacity 92734K, committed 92876K, reserved 1130496K
  class space    used 11724K, capacity 12639K, committed 12748K, reserved 1048576K
}
Event: 10.125 GC heap before
{Heap before GC invocations=14 (full 0):
 garbage-first heap   total 262144K, used 156904K [0x0000000080000000, 0x0000000100000000)
  region size 1024K, 90 young (92160K), 17 survivors (17408K)
 Metaspace       used 97794K, capacity 100450K, committed 100608K, reserved 1136640K
  class space    used 12651K, capacity 13658K, committed 13772K, reserved 1048576K
}
Event: 10.163 GC heap after
{Heap after GC invocations=15 (full 0):
 garbage-first heap   total 262144K, used 93718K [0x0000000080000000, 0x0000000100000000)
  region size 1024K, 18 young (18432K), 18 survivors (18432K)
 Metaspace       used 97794K, capacity 100450K, committed 100608K, reserved 1136640K
  class space    used 12651K, capacity 13658K, committed 13772K, reserved 1048576K
}
Event: 10.964 GC heap before
{Heap before GC invocations=16 (full 0):
 garbage-first heap   total 262144K, used 209430K [0x0000000080000000, 0x0000000100000000)
  region size 1024K, 130 young (133120K), 18 survivors (18432K)
 Metaspace       used 110265K, capacity 113962K, committed 114252K, reserved 1146880K
  class space    used 14636K, capacity 16110K, committed 16204K, reserved 1048576K
}
Event: 10.982 GC heap after
{Heap after GC invocations=17 (full 0):
 garbage-first heap   total 262144K, used 98469K [0x0000000080000000, 0x0000000100000000)
  region size 1024K, 13 young (13312K), 13 survivors (13312K)
 Metaspace       used 110265K, capacity 113962K, committed 114252K, reserved 1146880K
  class space    used 14636K, capacity 16110K, committed 16204K, reserved 1048576K
}
Event: 45.409 GC heap before
{Heap before GC invocations=18 (full 0):
 garbage-first heap   total 262144K, used 233637K [0x0000000080000000, 0x0000000100000000)
  region size 1024K, 118 young (120832K), 13 survivors (13312K)
 Metaspace       used 116226K, capacity 120263K, committed 120396K, reserved 1153024K
  class space    used 15493K, capacity 17108K, committed 17228K, reserved 1048576K
}
Event: 45.415 GC heap after
{Heap after GC invocations=19 (full 0):
 garbage-first heap   total 262144K, used 94113K [0x0000000080000000, 0x0000000100000000)
  region size 1024K, 5 young (5120K), 5 survivors (5120K)
 Metaspace       used 116226K, capacity 120263K, committed 120396K, reserved 1153024K
  class space    used 15493K, capacity 17108K, committed 17228K, reserved 1048576K
}

