# JRE version: OpenJDK Runtime Environment (11.0.11+9) (build 11.0.11+9-b60-7590822)
# Java VM: OpenJDK 64-Bit Server VM (11.0.11+9-b60-7590822, mixed mode, tiered, compressed oops, g1 gc, windows-amd64)
Heap:
 garbage-first heap   total 262144K, used 161810K [0x0000000080000000, 0x0000000100000000)
  region size 1024K, 58 young (59392K), 10 survivors (10240K)
 Metaspace       used 116010K, capacity 119597K, committed 119808K, reserved 1153024K
  class space    used 15036K, capacity 16401K, committed 16460K, reserved 1048576K
GC Heap History (20 events):
Event: 63.729 GC heap before
{Heap before GC invocations=14 (full 0):
 garbage-first heap   total 262144K, used 144345K [0x0000000080000000, 0x0000000100000000)
  region size 1024K, 75 young (76800K), 19 survivors (19456K)
 Metaspace       used 97547K, capacity 100465K, committed 100608K, reserved 1136640K
  class space    used 12699K, capacity 13810K, committed 13900K, reserved 1048576K
}
Event: 63.746 GC heap after
{Heap after GC invocations=15 (full 0):
 garbage-first heap   total 262144K, used 96226K [0x0000000080000000, 0x0000000100000000)
  region size 1024K, 8 young (8192K), 8 survivors (8192K)
 Metaspace       used 97547K, capacity 100465K, committed 100608K, reserved 1136640K
  class space    used 12699K, capacity 13810K, committed 13900K, reserved 1048576K
}
Event: 64.644 GC heap before
{Heap before GC invocations=16 (full 0):
 garbage-first heap   total 262144K, used 187362K [0x0000000080000000, 0x0000000100000000)
  region size 1024K, 98 young (100352K), 8 survivors (8192K)
 Metaspace       used 109399K, capacity 112589K, committed 112768K, reserved 1146880K
  class space    used 14503K, capacity 15710K, committed 15820K, reserved 1048576K
}
Event: 64.652 GC heap after
{Heap after GC invocations=17 (full 0):
 garbage-first heap   total 262144K, used 99293K [0x0000000080000000, 0x0000000100000000)
  region size 1024K, 11 young (11264K), 11 survivors (11264K)
 Metaspace       used 109399K, capacity 112589K, committed 112768K, reserved 1146880K
  class space    used 14503K, capacity 15710K, committed 15820K, reserved 1048576K
}
Event: 89.536 GC heap before
{Heap before GC invocations=18 (full 0):
 garbage-first heap   total 262144K, used 222173K [0x0000000080000000, 0x0000000100000000)
  region size 1024K, 104 young (106496K), 11 survivors (11264K)
 Metaspace       used 111064K, capacity 114339K, committed 114560K, reserved 1148928K
  class space    used 14687K, capacity 15949K, committed 16076K, reserved 1048576K
}
Event: 89.547 GC heap after
{Heap after GC invocations=19 (full 0):
 garbage-first heap   total 262144K, used 112014K [0x0000000080000000, 0x0000000100000000)
  region size 1024K, 13 young (13312K), 13 survivors (13312K)
 Metaspace       used 111064K, capacity 114339K, committed 114560K, reserved 1148928K
  class space    used 14687K, capacity 15949K, committed 16076K, reserved 1048576K
}
Event: 89.896 GC heap before
{Heap before GC invocations=19 (full 0):
 garbage-first heap   total 262144K, used 186766K [0x0000000080000000, 0x0000000100000000)
  region size 1024K, 70 young (71680K), 13 survivors (13312K)
 Metaspace       used 111934K, capacity 115243K, committed 115328K, reserved 1148928K
  class space    used 14727K, capacity 16020K, committed 16076K, reserved 1048576K
}
Event: 89.909 GC heap after
{Heap after GC invocations=20 (full 0):
 garbage-first heap   total 262144K, used 136192K [0x0000000080000000, 0x0000000100000000)
  region size 1024K, 6 young (6144K), 6 survivors (6144K)
 Metaspace       used 111934K, capacity 115243K, committed 115328K, reserved 1148928K
  class space    used 14727K, capacity 16020K, committed 16076K, reserved 1048576K
}
Event: 122.963 GC heap before
{Heap before GC invocations=21 (full 0):
 garbage-first heap   total 262144K, used 214016K [0x0000000080000000, 0x0000000100000000)
  region size 1024K, 73 young (74752K), 6 survivors (6144K)
 Metaspace       used 112068K, capacity 115314K, committed 115584K, reserved 1148928K
  class space    used 14694K, capacity 15962K, committed 16076K, reserved 1048576K
}
Event: 122.970 GC heap after
{Heap after GC invocations=22 (full 0):
 garbage-first heap   total 262144K, used 129639K [0x0000000080000000, 0x0000000100000000)
  region size 1024K, 10 young (10240K), 10 survivors (10240K)
 Metaspace       used 112068K, capacity 115314K, committed 115584K, reserved 1148928K
  class space    used 14694K, capacity 15962K, committed 16076K, reserved 1048576K
}
Event: 122.983 GC heap before
{Heap before GC invocations=22 (full 0):
 garbage-first heap   total 262144K, used 131687K [0x0000000080000000, 0x0000000100000000)
  region size 1024K, 12 young (12288K), 10 survivors (10240K)
 Metaspace       used 112071K, capacity 115314K, committed 115584K, reserved 1148928K
  class space    used 14694K, capacity 15962K, committed 16076K, reserved 1048576K
}
Event: 122.995 GC heap after
{Heap after GC invocations=23 (full 0):
 garbage-first heap   total 262144K, used 117838K [0x0000000080000000, 0x0000000100000000)
  region size 1024K, 2 young (2048K), 2 survivors (2048K)
 Metaspace       used 112071K, capacity 115314K, committed 115584K, reserved 1148928K
  class space    used 14694K, capacity 15962K, committed 16076K, reserved 1048576K
}
Event: 123.348 GC heap before
{Heap before GC invocations=23 (full 0):
 garbage-first heap   total 262144K, used 177230K [0x0000000080000000, 0x0000000100000000)
  region size 1024K, 60 young (61440K), 2 survivors (2048K)
 Metaspace       used 112924K, capacity 116271K, committed 116352K, reserved 1148928K
  class space    used 14745K, capacity 16023K, committed 16076K, reserved 1048576K
}
Event: 123.355 GC heap after
{Heap after GC invocations=24 (full 0):
 garbage-first heap   total 262144K, used 124451K [0x0000000080000000, 0x0000000100000000)
  region size 1024K, 6 young (6144K), 6 survivors (6144K)
 Metaspace       used 112924K, capacity 116271K, committed 116352K, reserved 1148928K
  class space    used 14745K, capacity 16023K, committed 16076K, reserved 1048576K
}
Event: 303.487 GC heap before
{Heap before GC invocations=25 (full 0):
 garbage-first heap   total 262144K, used 220707K [0x0000000080000000, 0x0000000100000000)
  region size 1024K, 80 young (81920K), 6 survivors (6144K)
 Metaspace       used 113079K, capacity 116371K, committed 116608K, reserved 1150976K
  class space    used 14730K, capacity 15997K, committed 16076K, reserved 1048576K
}
Event: 303.491 GC heap after
{Heap after GC invocations=26 (full 0):
 garbage-first heap   total 262144K, used 120738K [0x0000000080000000, 0x0000000100000000)
  region size 1024K, 3 young (3072K), 3 survivors (3072K)
 Metaspace       used 113079K, capacity 116371K, committed 116608K, reserved 1150976K
  class space    used 14730K, capacity 15997K, committed 16076K, reserved 1048576K
}
Event: 303.533 GC heap before
{Heap before GC invocations=26 (full 0):
 garbage-first heap   total 262144K, used 128930K [0x0000000080000000, 0x0000000100000000)
  region size 1024K, 12 young (12288K), 3 survivors (3072K)
 Metaspace       used 113149K, capacity 116433K, committed 116608K, reserved 1150976K
  class space    used 14735K, capacity 16007K, committed 16076K, reserved 1048576K
}
Event: 303.541 GC heap after
{Heap after GC invocations=27 (full 0):
 garbage-first heap   total 262144K, used 106388K [0x0000000080000000, 0x0000000100000000)
  region size 1024K, 2 young (2048K), 2 survivors (2048K)
 Metaspace       used 113149K, capacity 116433K, committed 116608K, reserved 1150976K
  class space    used 14735K, capacity 16007K, committed 16076K, reserved 1048576K
}
Event: 450.366 GC heap before
{Heap before GC invocations=27 (full 0):
 garbage-first heap   total 262144K, used 194452K [0x0000000080000000, 0x0000000100000000)
  region size 1024K, 89 young (91136K), 2 survivors (2048K)
 Metaspace       used 114970K, capacity 118428K, committed 118656K, reserved 1150976K
  class space    used 14920K, capacity 16244K, committed 16332K, reserved 1048576K
}
Event: 450.375 GC heap after
{Heap after GC invocations=28 (full 0):
 garbage-first heap   total 262144K, used 114706K [0x0000000080000000, 0x0000000100000000)
  region size 1024K, 10 young (10240K), 10 survivors (10240K)
 Metaspace       used 114970K, capacity 118428K, committed 118656K, reserved 1150976K
  class space    used 14920K, capacity 16244K, committed 16332K, reserved 1048576K
}

